<?xml version="1.0" encoding="UTF-8"?>
<testsuite name="hw01.SolverCodeBreakerTest" tests="4" skipped="0" failures="0" errors="0" timestamp="2023-10-19T01:06:47" hostname="wifi165-183.bucknell.edu" time="0.117">
  <properties/>
  <testcase name="testCalcAvgAttempt()" classname="hw01.SolverCodeBreakerTest" time="0.009"/>
  <testcase name="testShortestAttempt()" classname="hw01.SolverCodeBreakerTest" time="0.0"/>
  <testcase name="testLongestAttempt()" classname="hw01.SolverCodeBreakerTest" time="0.001"/>
  <testcase name="testTimeRecording()" classname="hw01.SolverCodeBreakerTest" time="0.106"/>
  <system-out><![CDATA[]]></system-out>
  <system-err><![CDATA[]]></system-err>
</testsuite>
